#
# There is insufficient memory for the Java Runtime Environment to continue.
# Native memory allocation (malloc) failed to allocate 65552 bytes for Chunk::new
# Possible reasons:
#   The system is out of physical RAM or swap space
#   In 32 bit mode, the process size limit was hit
# Possible solutions:
#   Reduce memory load on the system
#   Increase physical memory or swap space
#   Check if swap backing store is full
#   Use 64 bit Java on a 64 bit OS
#   Decrease Java heap size (-Xmx/-Xms)
#   Decrease number of Java threads
#   Decrease Java thread stack sizes (-Xss)
#   Set larger code cache with -XX:ReservedCodeCacheSize=
# This output file may be truncated or incomplete.
#
#  Out of Memory Error (allocation.cpp:390), pid=17152, tid=0x0000000000003a9c
#
# JRE version: Java(TM) SE Runtime Environment (8.0_191-b12) (build 1.8.0_191-b12)
# Java VM: Java HotSpot(TM) 64-Bit Server VM (25.191-b12 mixed mode windows-amd64 compressed oops)
# Failed to write core dump. Minidumps are not enabled by default on client versions of Windows
#

---------------  T H R E A D  ---------------

Current thread (0x000000001e8ed800):  JavaThread "C2 CompilerThread0" daemon [_thread_in_native, id=15004, stack(0x000000001f060000,0x000000001f160000)]

Stack: [0x000000001f060000,0x000000001f160000]
[error occurred during error reporting (printing stack bounds), id 0xc0000005]

Native frames: (J=compiled Java code, j=interpreted, Vv=VM code, C=native code)


Current CompileTask:
C2:   9193 3257   !   4       java.net.URLClassLoader$1::run (63 bytes)


---------------  P R O C E S S  ---------------

Java Threads: ( => current thread )
  0x000000001e943000 JavaThread "Service Thread" daemon [_thread_blocked, id=4672, stack(0x000000001f460000,0x000000001f560000)]
  0x000000001e906000 JavaThread "C1 CompilerThread3" daemon [_thread_blocked, id=8236, stack(0x000000001f360000,0x000000001f460000)]
  0x000000001e8f6000 JavaThread "C2 CompilerThread2" daemon [_thread_in_native, id=6476, stack(0x000000001f260000,0x000000001f360000)]
  0x000000001e8f1000 JavaThread "C2 CompilerThread1" daemon [_thread_in_native, id=17396, stack(0x000000001f160000,0x000000001f260000)]
=>0x000000001e8ed800 JavaThread "C2 CompilerThread0" daemon [_thread_in_native, id=15004, stack(0x000000001f060000,0x000000001f160000)]
  0x000000001e89b000 JavaThread "Attach Listener" daemon [_thread_blocked, id=22728, stack(0x000000001ef60000,0x000000001f060000)]
  0x000000001e899800 JavaThread "Signal Dispatcher" daemon [_thread_blocked, id=19236, stack(0x000000001ee60000,0x000000001ef60000)]
  0x0000000003068000 JavaThread "Finalizer" daemon [_thread_blocked, id=5808, stack(0x000000001ed60000,0x000000001ee60000)]
  0x000000001e880800 JavaThread "Reference Handler" daemon [_thread_blocked, id=18508, stack(0x000000001ec60000,0x000000001ed60000)]
  0x0000000002f72800 JavaThread "main" [_thread_in_vm, id=19116, stack(0x0000000002da0000,0x0000000002ea0000)]

Other Threads:
  0x000000001ca89800 VMThread [stack: 0x000000001e760000,0x000000001e860000] [id=18356]
  0x000000001e948000 WatcherThread [stack: 0x000000001f560000,0x000000001f660000] [id=5984]

VM state:not at safepoint (normal execution)

VM Mutex/Monitor currently owned by a thread: None

Heap:
 PSYoungGen      total 76288K, used 55600K [0x000000076b400000, 0x0000000770900000, 0x00000007c0000000)
  eden space 65536K, 68% used [0x000000076b400000,0x000000076dfd4010,0x000000076f400000)
  from space 10752K, 99% used [0x000000076f400000,0x000000076fe78030,0x000000076fe80000)
  to   space 10752K, 0% used [0x000000076fe80000,0x000000076fe80000,0x0000000770900000)
 ParOldGen       total 175104K, used 5874K [0x00000006c1c00000, 0x00000006cc700000, 0x000000076b400000)
  object space 175104K, 3% used [0x00000006c1c00000,0x00000006c21bc9a8,0x00000006cc700000)
 Metaspace       used 18373K, capacity 18780K, committed 18944K, reserved 1067008K
  class space    used 2157K, capacity 2277K, committed 2304K, reserved 1048576K

Card table byte_map: [0x0000000012430000,0x0000000012c30000] byte_map_base: 0x000000000ee22000

Marking Bits: (ParMarkBitMap*) 0x0000000052c13e30
 Begin Bits: [0x0000000013980000, 0x0000000017910000)
 End Bits:   [0x0000000017910000, 0x000000001b8a0000)

Polling page: 0x0000000000c80000

CodeCache: size=245760Kb used=12010Kb max_used=12010Kb free=233749Kb
 bounds [0x0000000003070000, 0x0000000003c40000, 0x0000000012070000]
 total_blobs=3708 nmethods=3339 adapters=281
 compilation: enabled

Compilation events (10 events):
Event: 9.177 Thread 0x000000001e906000 3353       1       com.ctc.wstx.util.TextBuffer::getCurrentSegmentSize (5 bytes)
Event: 9.178 Thread 0x000000001e906000 nmethod 3353 0x0000000003c2e910 code [0x0000000003c2ea60, 0x0000000003c2eb70]
Event: 9.180 Thread 0x000000001e906000 3356       3       java.util.regex.Pattern::compile (406 bytes)
Event: 9.183 Thread 0x000000001e906000 nmethod 3356 0x0000000003c311d0 code [0x0000000003c31580, 0x0000000003c33868]
Event: 9.183 Thread 0x000000001e906000 3357       3       java.util.regex.Pattern::RemoveQEQuoting (346 bytes)
Event: 9.185 Thread 0x000000001e906000 nmethod 3357 0x0000000003c34650 code [0x0000000003c348a0, 0x0000000003c359b8]
Event: 9.185 Thread 0x000000001e906000 3358       3       org.codehaus.mojo.versions.rewriting.ModifiedPomXMLEventReader::hasMark (16 bytes)
Event: 9.185 Thread 0x000000001e906000 nmethod 3358 0x0000000003c2e4d0 code [0x0000000003c2e640, 0x0000000003c2e810]
Event: 9.185 Thread 0x000000001e906000 3361       1       org.apache.maven.artifact.versioning.ComparableVersion$IntItem::getType (2 bytes)
Event: 9.185 Thread 0x000000001e906000 nmethod 3361 0x0000000003c2e210 code [0x0000000003c2e360, 0x0000000003c2e470]

GC Heap History (6 events):
Event: 3.368 GC heap before
{Heap before GC invocations=1 (full 0):
 PSYoungGen      total 76288K, used 65536K [0x000000076b400000, 0x0000000770900000, 0x00000007c0000000)
  eden space 65536K, 100% used [0x000000076b400000,0x000000076f400000,0x000000076f400000)
  from space 10752K, 0% used [0x000000076fe80000,0x000000076fe80000,0x0000000770900000)
  to   space 10752K, 0% used [0x000000076f400000,0x000000076f400000,0x000000076fe80000)
 ParOldGen       total 175104K, used 0K [0x00000006c1c00000, 0x00000006cc700000, 0x000000076b400000)
  object space 175104K, 0% used [0x00000006c1c00000,0x00000006c1c00000,0x00000006cc700000)
 Metaspace       used 11481K, capacity 11692K, committed 11776K, reserved 1058816K
  class space    used 1422K, capacity 1512K, committed 1536K, reserved 1048576K
Event: 3.377 GC heap after
Heap after GC invocations=1 (full 0):
 PSYoungGen      total 76288K, used 10374K [0x000000076b400000, 0x0000000770900000, 0x00000007c0000000)
  eden space 65536K, 0% used [0x000000076b400000,0x000000076b400000,0x000000076f400000)
  from space 10752K, 96% used [0x000000076f400000,0x000000076fe21908,0x000000076fe80000)
  to   space 10752K, 0% used [0x000000076fe80000,0x000000076fe80000,0x0000000770900000)
 ParOldGen       total 175104K, used 16K [0x00000006c1c00000, 0x00000006cc700000, 0x000000076b400000)
  object space 175104K, 0% used [0x00000006c1c00000,0x00000006c1c04000,0x00000006cc700000)
 Metaspace       used 11481K, capacity 11692K, committed 11776K, reserved 1058816K
  class space    used 1422K, capacity 1512K, committed 1536K, reserved 1048576K
}
Event: 4.493 GC heap before
{Heap before GC invocations=2 (full 0):
 PSYoungGen      total 76288K, used 75910K [0x000000076b400000, 0x0000000770900000, 0x00000007c0000000)
  eden space 65536K, 100% used [0x000000076b400000,0x000000076f400000,0x000000076f400000)
  from space 10752K, 96% used [0x000000076f400000,0x000000076fe21908,0x000000076fe80000)
  to   space 10752K, 0% used [0x000000076fe80000,0x000000076fe80000,0x0000000770900000)
 ParOldGen       total 175104K, used 16K [0x00000006c1c00000, 0x00000006cc700000, 0x000000076b400000)
  object space 175104K, 0% used [0x00000006c1c00000,0x00000006c1c04000,0x00000006cc700000)
 Metaspace       used 14823K, capacity 15116K, committed 15232K, reserved 1062912K
  class space    used 1816K, capacity 1912K, committed 1920K, reserved 1048576K
Event: 4.506 GC heap after
Heap after GC invocations=2 (full 0):
 PSYoungGen      total 76288K, used 10736K [0x000000076b400000, 0x0000000770900000, 0x00000007c0000000)
  eden space 65536K, 0% used [0x000000076b400000,0x000000076b400000,0x000000076f400000)
  from space 10752K, 99% used [0x000000076fe80000,0x00000007708fc070,0x0000000770900000)
  to   space 10752K, 0% used [0x000000076f400000,0x000000076f400000,0x000000076fe80000)
 ParOldGen       total 175104K, used 2101K [0x00000006c1c00000, 0x00000006cc700000, 0x000000076b400000)
  object space 175104K, 1% used [0x00000006c1c00000,0x00000006c1e0d668,0x00000006cc700000)
 Metaspace       used 14823K, capacity 15116K, committed 15232K, reserved 1062912K
  class space    used 1816K, capacity 1912K, committed 1920K, reserved 1048576K
}
Event: 6.701 GC heap before
{Heap before GC invocations=3 (full 0):
 PSYoungGen      total 76288K, used 76272K [0x000000076b400000, 0x0000000770900000, 0x00000007c0000000)
  eden space 65536K, 100% used [0x000000076b400000,0x000000076f400000,0x000000076f400000)
  from space 10752K, 99% used [0x000000076fe80000,0x00000007708fc070,0x0000000770900000)
  to   space 10752K, 0% used [0x000000076f400000,0x000000076f400000,0x000000076fe80000)
 ParOldGen       total 175104K, used 2101K [0x00000006c1c00000, 0x00000006cc700000, 0x000000076b400000)
  object space 175104K, 1% used [0x00000006c1c00000,0x00000006c1e0d668,0x00000006cc700000)
 Metaspace       used 15625K, capacity 15934K, committed 16128K, reserved 1062912K
  class space    used 1855K, capacity 1947K, committed 2048K, reserved 1048576K
Event: 6.712 GC heap after
Heap after GC invocations=3 (full 0):
 PSYoungGen      total 76288K, used 10720K [0x000000076b400000, 0x0000000770900000, 0x00000007c0000000)
  eden space 65536K, 0% used [0x000000076b400000,0x000000076b400000,0x000000076f400000)
  from space 10752K, 99% used [0x000000076f400000,0x000000076fe78030,0x000000076fe80000)
  to   space 10752K, 0% used [0x000000076fe80000,0x000000076fe80000,0x0000000770900000)
 ParOldGen       total 175104K, used 5874K [0x00000006c1c00000, 0x00000006cc700000, 0x000000076b400000)
  object space 175104K, 3% used [0x00000006c1c00000,0x00000006c21bc9a8,0x00000006cc700000)
 Metaspace       used 15625K, capacity 15934K, committed 16128K, reserved 1062912K
  class space    used 1855K, capacity 1947K, committed 2048K, reserved 1048576K
}

Deoptimization events (10 events):
Event: 8.969 Thread 0x0000000002f72800 Uncommon trap: reason=null_check action=make_not_entrant pc=0x000000000376d934 method=com.google.inject.internal.InjectorImpl.enterContext()Lcom/google/inject/internal/InternalContext; @ 7
Event: 8.971 Thread 0x0000000002f72800 Uncommon trap: reason=null_check action=make_not_entrant pc=0x000000000398f858 method=org.eclipse.sisu.plexus.ClassRealmManager.visibleRealmNames(Lorg/codehaus/plexus/classworlds/realm/ClassRealm;)Ljava/util/Set; @ 19
Event: 8.971 Thread 0x0000000002f72800 Uncommon trap: reason=class_check action=maybe_recompile pc=0x000000000377f4f0 method=org.eclipse.sisu.inject.LazyBeanEntry.getValue()Ljava/lang/Object; @ 4
Event: 8.977 Thread 0x0000000002f72800 Uncommon trap: reason=unstable_if action=reinterpret pc=0x00000000034fe598 method=java.lang.reflect.Modifier.isSynthetic(I)Z @ 5
Event: 8.978 Thread 0x0000000002f72800 Uncommon trap: reason=unstable_if action=reinterpret pc=0x00000000036b3a50 method=org.eclipse.sisu.plexus.RealmFilteredBeans$FilteredItr.hasNext()Z @ 44
Event: 8.978 Thread 0x0000000002f72800 Uncommon trap: reason=class_check action=maybe_recompile pc=0x000000000377f4f0 method=org.eclipse.sisu.inject.LazyBeanEntry.getValue()Ljava/lang/Object; @ 4
Event: 8.984 Thread 0x0000000002f72800 Uncommon trap: reason=unstable_if action=reinterpret pc=0x0000000003b5c5c8 method=java.nio.charset.CharsetDecoder.decode(Ljava/nio/ByteBuffer;Ljava/nio/CharBuffer;Z)Ljava/nio/charset/CoderResult; @ 1
Event: 9.026 Thread 0x0000000002f72800 Uncommon trap: reason=unstable_if action=reinterpret pc=0x0000000003755278 method=java.util.regex.Pattern$LastNode.match(Ljava/util/regex/Matcher;ILjava/lang/CharSequence;)Z @ 13
Event: 9.113 Thread 0x0000000002f72800 Uncommon trap: reason=bimorphic action=maybe_recompile pc=0x000000000398bbc8 method=java.util.LinkedHashMap.afterNodeInsertion(Z)V @ 15
Event: 9.113 Thread 0x0000000002f72800 Uncommon trap: reason=bimorphic action=maybe_recompile pc=0x000000000398bbc8 method=java.util.LinkedHashMap.afterNodeInsertion(Z)V @ 15

Classes redefined (0 events):
No events

Internal exceptions (10 events):
Event: 3.711 Thread 0x0000000002f72800 Implicit null exception at 0x000000000326d414 to 0x000000000326d7e1
Event: 4.038 Thread 0x0000000002f72800 Implicit null exception at 0x00000000036c17f1 to 0x00000000036c2ae9
Event: 4.747 Thread 0x0000000002f72800 Implicit null exception at 0x00000000037cda03 to 0x00000000037cdc4d
Event: 5.218 Thread 0x0000000002f72800 Implicit null exception at 0x0000000003432195 to 0x0000000003432395
Event: 5.219 Thread 0x0000000002f72800 Implicit null exception at 0x00000000036a3bed to 0x00000000036a3e75
Event: 5.219 Thread 0x0000000002f72800 Implicit null exception at 0x00000000036bc2b7 to 0x00000000036bcad1
Event: 5.219 Thread 0x0000000002f72800 Implicit null exception at 0x00000000035334db to 0x0000000003533965
Event: 5.716 Thread 0x0000000002f72800 Implicit null exception at 0x00000000038f5fd5 to 0x00000000038f8fa5
Event: 8.969 Thread 0x0000000002f72800 Implicit null exception at 0x000000000376d4cf to 0x000000000376d925
Event: 8.971 Thread 0x0000000002f72800 Implicit null exception at 0x000000000398f061 to 0x000000000398f83d

Events (10 events):
Event: 9.132 Executing VM operation: Deoptimize
Event: 9.133 Executing VM operation: Deoptimize done
Event: 9.184 loading class org/codehaus/plexus/util/FileUtils
Event: 9.184 loading class org/codehaus/plexus/util/FileUtils done
Event: 9.184 loading class org/codehaus/plexus/util/FileUtils
Event: 9.184 loading class org/codehaus/plexus/util/FileUtils done
Event: 9.187 loading class org/codehaus/plexus/util/io/InputStreamFacade
Event: 9.187 loading class org/codehaus/plexus/util/io/InputStreamFacade done
Event: 9.187 loading class org/codehaus/plexus/util/io/InputStreamFacade
Event: 9.187 loading class org/codehaus/plexus/util/io/InputStreamFacade done


Dynamic libraries:
0x00007ff7d1f90000 - 0x00007ff7d1fc7000 	C:\Program Files\Java\jdk1.8.0_191\bin\java.exe
0x00007fff862c0000 - 0x00007fff864b0000 	C:\WINDOWS\SYSTEM32\ntdll.dll
0x00007fff844d0000 - 0x00007fff84582000 	C:\WINDOWS\System32\KERNEL32.DLL
0x00007fff83700000 - 0x00007fff839a5000 	C:\WINDOWS\System32\KERNELBASE.dll
0x00007fff85870000 - 0x00007fff85913000 	C:\WINDOWS\System32\ADVAPI32.dll
0x00007fff85560000 - 0x00007fff855fe000 	C:\WINDOWS\System32\msvcrt.dll
0x00007fff85750000 - 0x00007fff857e7000 	C:\WINDOWS\System32\sechost.dll
0x00007fff85290000 - 0x00007fff853b0000 	C:\WINDOWS\System32\RPCRT4.dll
0x00007fff86010000 - 0x00007fff861a5000 	C:\WINDOWS\System32\USER32.dll
0x00007fff83b00000 - 0x00007fff83b21000 	C:\WINDOWS\System32\win32u.dll
0x00007fff84ce0000 - 0x00007fff84d06000 	C:\WINDOWS\System32\GDI32.dll
0x00007fff832b0000 - 0x00007fff83446000 	C:\WINDOWS\System32\gdi32full.dll
0x00007fff83b30000 - 0x00007fff83bce000 	C:\WINDOWS\System32\msvcp_win.dll
0x00007fff83580000 - 0x00007fff8367a000 	C:\WINDOWS\System32\ucrtbase.dll
0x00007fff72580000 - 0x00007fff72804000 	C:\WINDOWS\WinSxS\amd64_microsoft.windows.common-controls_6595b64144ccf1df_6.0.18362.1082_none_9e8193e1e45b25c1\COMCTL32.dll
0x00007fff84dc0000 - 0x00007fff850f5000 	C:\WINDOWS\System32\combase.dll
0x00007fff83450000 - 0x00007fff834d0000 	C:\WINDOWS\System32\bcryptPrimitives.dll
0x00007fff85260000 - 0x00007fff8528e000 	C:\WINDOWS\System32\IMM32.DLL
0x0000000053510000 - 0x00000000535e2000 	C:\Program Files\Java\jdk1.8.0_191\jre\bin\msvcr100.dll
0x00000000523f0000 - 0x0000000052c94000 	C:\Program Files\Java\jdk1.8.0_191\jre\bin\server\jvm.dll
0x00007fff85620000 - 0x00007fff85628000 	C:\WINDOWS\System32\PSAPI.DLL
0x00007fff6af90000 - 0x00007fff6af99000 	C:\WINDOWS\SYSTEM32\WSOCK32.dll
0x00007fff7f530000 - 0x00007fff7f554000 	C:\WINDOWS\SYSTEM32\WINMM.dll
0x00007fff78f50000 - 0x00007fff78f5a000 	C:\WINDOWS\SYSTEM32\VERSION.dll
0x00007fff85630000 - 0x00007fff8569f000 	C:\WINDOWS\System32\WS2_32.dll
0x00007fff7f500000 - 0x00007fff7f52d000 	C:\WINDOWS\SYSTEM32\winmmbase.dll
0x00007fff836b0000 - 0x00007fff836fa000 	C:\WINDOWS\System32\cfgmgr32.dll
0x0000000053b70000 - 0x0000000053b7f000 	C:\Program Files\Java\jdk1.8.0_191\jre\bin\verify.dll
0x0000000053b40000 - 0x0000000053b69000 	C:\Program Files\Java\jdk1.8.0_191\jre\bin\java.dll
0x00000000534b0000 - 0x00000000534c6000 	C:\Program Files\Java\jdk1.8.0_191\jre\bin\zip.dll
0x00007fff845f0000 - 0x00007fff84cd7000 	C:\WINDOWS\System32\SHELL32.dll
0x00007fff856a0000 - 0x00007fff85749000 	C:\WINDOWS\System32\shcore.dll
0x00007fff83bd0000 - 0x00007fff84350000 	C:\WINDOWS\System32\windows.storage.dll
0x00007fff831b0000 - 0x00007fff831d3000 	C:\WINDOWS\System32\profapi.dll
0x00007fff83200000 - 0x00007fff8324a000 	C:\WINDOWS\System32\powrprof.dll
0x00007fff83180000 - 0x00007fff83190000 	C:\WINDOWS\System32\UMPDC.dll
0x00007fff84590000 - 0x00007fff845e2000 	C:\WINDOWS\System32\shlwapi.dll
0x00007fff83190000 - 0x00007fff831a1000 	C:\WINDOWS\System32\kernel.appcore.dll
0x00007fff84350000 - 0x00007fff84367000 	C:\WINDOWS\System32\cryptsp.dll
0x00007fff7fb80000 - 0x00007fff7fb8a000 	D:\01.Server\maven\lib\jansi-native\windows64\jansi.dll
0x0000000053440000 - 0x000000005345a000 	C:\Program Files\Java\jdk1.8.0_191\jre\bin\net.dll
0x00007fff829d0000 - 0x00007fff82a37000 	C:\WINDOWS\system32\mswsock.dll
0x0000000053410000 - 0x0000000053421000 	C:\Program Files\Java\jdk1.8.0_191\jre\bin\nio.dll

VM Arguments:
jvm_args: -Dclassworlds.conf=D:\01.Server\maven\bin\..\bin\m2.conf -Dmaven.home=D:\01.Server\maven\bin\.. -Dlibrary.jansi.path=D:\01.Server\maven\bin\..\lib\jansi-native -Dmaven.multiModuleProjectDirectory=D:\99.python\kongx 
java_command: org.codehaus.plexus.classworlds.launcher.Launcher versions:set -DnewVersion=1.3.0
java_class_path (initial): D:\01.Server\maven\bin\..\boot\plexus-classworlds-2.6.0.jar
Launcher Type: SUN_STANDARD

Environment Variables:
JAVA_HOME=C:\Program Files\Java\jdk1.8.0_191
PATH=D:\01.Server\luarocks-3.3.1-windows-64;C:\Program Files (x86)\Common Files\Oracle\Java\javapath;C:\WINDOWS\system32;C:\WINDOWS;C:\WINDOWS\System32\Wbem;C:\WINDOWS\System32\WindowsPowerShell\v1.0\;C:\WINDOWS\System32\OpenSSH\;C:\Program Files\nodejs\;C:\Program Files\Java\jdk1.8.0_191bin;D:\01.Server\maven\bin;C:\Program Files\MySQL\MySQL Server 5.5\bin;D:\01.Server\mysql-5.7.25\bin;C:\HashiCorp\Vagrant\bin;C:\Program Files\Redis\;D:\01.Server\Ruby\bin;C:\Program Files\Git\cmd;C:\Users\Administrator\AppData\Roaming\npm;C:\Program Files\Microsoft VS Code\bin;C:\Program Files (x86)\Windows Kits\8.1\Windows Performance Toolkit\;D:\01.Server\Lua\5.1;D:\01.Server\Lua\5.1\clibs;C:\Users\Administrator\AppData\Local\Programs\Python\Python36\Scripts\;C:\Users\Administrator\AppData\Local\Programs\Python\Python36\;C:\Users\Administrator\AppData\Local\Programs\Python\Python37\Scripts\;C:\Users\Administrator\AppData\Local\Programs\Python\Python37\;C:\Users\Administrator\AppData\Local\Microsoft\WindowsApps;;C:\Program Files\Microsoft VS Code\bin;C:\Users\Administrator\AppData\Local\Programs\Fiddler;C:\Users\Administrator\AppData\Local\Microsoft\WindowsApps
USERNAME=Administrator
OS=Windows_NT
PROCESSOR_IDENTIFIER=Intel64 Family 6 Model 142 Stepping 10, GenuineIntel



---------------  S Y S T E M  ---------------

OS: Windows 10.0 , 64 bit Build 18362 (10.0.18362.1082)

CPU:total 8 (initial active 8) (4 cores per cpu, 2 threads per core) family 6 model 142 stepping 10, cmov, cx8, fxsr, mmx, sse, sse2, sse3, ssse3, sse4.1, sse4.2, popcnt, avx, avx2, aes, clmul, erms, 3dnowpref, lzcnt, ht, tsc, tscinvbit, bmi1, bmi2, adx

Memory: 4k page, physical 16658532k(2158172k free), swap 29691392k(3132k free)

vm_info: Java HotSpot(TM) 64-Bit Server VM (25.191-b12) for windows-amd64 JRE (1.8.0_191-b12), built on Oct  6 2018 09:29:03 by "java_re" with MS VC++ 10.0 (VS2010)

time: Mon Nov 02 11:43:05 2020
elapsed time: 9 seconds (0d 0h 0m 9s)

